<?xml version="1.0" encoding="UTF-8"?>
<testsuite name="Login in Geelbe.com" tests="1" skipped="0" failures="0" errors="0" timestamp="2018-12-02T08:41:21" hostname="DESKTOP-R0NGCAK" time="22.283">
  <properties/>
  <testcase name="Login with correct data" classname="Login in Geelbe.com" time="22.283"/>
  <system-out><![CDATA[]]></system-out>
  <system-err><![CDATA[dic 02, 2018 3:41:21 AM org.openqa.selenium.remote.DesiredCapabilities chrome
INFORMACIÓN: Using `new ChromeOptions()` is preferred to `DesiredCapabilities.chrome()`
dic 02, 2018 3:41:23 AM org.openqa.selenium.remote.ProtocolHandshake createSession
INFORMACIÓN: Detected dialect: OSS
[Test worker] INFO net.thucydides.core.steps.ConsoleLoggingListener - 
        __    _____ _____ ____ _____   ____   _    ____  ____  _____ ____  
  _     \ \  |_   _| ____/ ___|_   _| |  _ \ / \  / ___|/ ___|| ____|  _ \ 
 (_)_____| |   | | |  _| \___ \ | |   | |_) / _ \ \___ \\___ \|  _| | | | |
  _|_____| |   | | | |___ ___) || |   |  __/ ___ \ ___) |___) | |___| |_| |
 (_)     | |   |_| |_____|____/ |_|   |_| /_/   \_\____/|____/|_____|____/ 
        /_/                                                                

TEST PASSED: Login with correct data
----------------------------------------------------------------------------
]]></system-err>
</testsuite>
