<?xml version="1.0" encoding="UTF-8"?>
<testsuite name="Buy clothes in Geelbe.com" tests="1" skipped="0" failures="0" errors="0" timestamp="2018-12-02T08:40:09" hostname="DESKTOP-R0NGCAK" time="71.752">
  <properties/>
  <testcase name="Buy in Geelbe.com" classname="Buy clothes in Geelbe.com" time="71.752"/>
  <system-out><![CDATA[]]></system-out>
  <system-err><![CDATA[dic 02, 2018 3:40:10 AM org.openqa.selenium.remote.DesiredCapabilities chrome
INFORMACIÓN: Using `new ChromeOptions()` is preferred to `DesiredCapabilities.chrome()`
Starting ChromeDriver 2.43.600210 (68dcf5eebde37173d4027fa8635e332711d2874a) on port 42559
Only local connections are allowed.
dic 02, 2018 3:40:12 AM org.openqa.selenium.remote.ProtocolHandshake createSession
INFORMACIÓN: Detected dialect: OSS
[Test worker] INFO net.thucydides.core.steps.ConsoleLoggingListener - 
        __    _____ _____ ____ _____   ____   _    ____  ____  _____ ____  
  _     \ \  |_   _| ____/ ___|_   _| |  _ \ / \  / ___|/ ___|| ____|  _ \ 
 (_)_____| |   | | |  _| \___ \ | |   | |_) / _ \ \___ \\___ \|  _| | | | |
  _|_____| |   | | | |___ ___) || |   |  __/ ___ \ ___) |___) | |___| |_| |
 (_)     | |   |_| |_____|____/ |_|   |_| /_/   \_\____/|____/|_____|____/ 
        /_/                                                                

TEST PASSED: Buy in Geelbe.com
----------------------------------------------------------------------------
]]></system-err>
</testsuite>
