<?xml version="1.0" encoding="UTF-8"?>
<testsuite name="co.com.geelbe.certtification.runners.RegisterGeelbeRunner" tests="0" skipped="0" failures="0" errors="0" timestamp="1970-01-01T00:00:00" hostname="DESKTOP-R0NGCAK" time="0.0">
  <properties/>
  <system-out><![CDATA[
?[31mFailed scenarios:?[0m
?[31msrc/test/resources/features/registerGeelbe.feature:17 ?[0m# Register with correct data

1 Scenarios (?[31m1 failed?[0m)
3 Steps (?[31m1 failed?[0m, ?[32m2 passed?[0m)
0m31,209s

java.lang.AssertionError: Expected condition failed: waiting for By.xpath: /html[1]/body[1]/header[1]/div[1]/div[1]/p[1] to be displayed (tried for 5 second(s) with 100 milliseconds interval)
Build info: version: '3.14.0', revision: 'aacccce0', time: '2018-08-02T20:19:58.91Z'
System info: host: 'DESKTOP-R0NGCAK', ip: '192.168.1.62', os.name: 'Windows 8.1', os.arch: 'x86', os.version: '6.3', java.version: '1.8.0_51'
Driver info: driver.version: unknown
	at net.serenitybdd.screenplay.ErrorTally.throwSummaryExceptionFrom(ErrorTally.java:36)
	at net.serenitybdd.screenplay.ErrorTally.reportAnyErrors(ErrorTally.java:30)
	at net.serenitybdd.screenplay.Actor.should(Actor.java:244)
	at co.com.geelbe.certtification.stepDefinitions.RegisterGeelbeStepDefinitions.he_should_see_the_message_in_the_screen(RegisterGeelbeStepDefinitions.java:48)
	at ?.he should see the message in the screen(src/test/resources/features/registerGeelbe.feature:13)

]]></system-out>
  <system-err><![CDATA[[Test worker] INFO net.thucydides.core.steps.ConsoleLoggingListener - Test Suite Started: Register in Geelbe.com
[Test worker] INFO net.thucydides.core.steps.ConsoleLoggingListener - 
 _____ _____ ____ _____   ____ _____  _    ____ _____ _____ ____  
|_   _| ____/ ___|_   _| / ___|_   _|/ \  |  _ \_   _| ____|  _ \ 
  | | |  _| \___ \ | |   \___ \ | | / _ \ | |_) || | |  _| | | | |
  | | | |___ ___) || |    ___) || |/ ___ \|  _ < | | | |___| |_| |
  |_| |_____|____/ |_|   |____/ |_/_/   \_\_| \_\|_| |_____|____/ 
                                                                  

TEST STARTED: Register with correct data
-------------------------------------------------------------------(register-in-geelbe.com;register-with-correct-data)
]]></system-err>
</testsuite>
